# JRE version: Java(TM) SE Runtime Environment (17.0.11+7) (build 17.0.11+7-LTS-207)
# Java VM: Java HotSpot(TM) 64-Bit Server VM (17.0.11+7-LTS-207, mixed mode, sharing, tiered, compressed oops, compressed class ptrs, g1 gc, windows-amd64)
GC Precious Log:
 CPUs: 8 total, 8 available
 Memory: 7975M
 Large Page Support: Disabled
 NUMA Support: Disabled
 Compressed Oops: Enabled (32-bit)
 Heap Region Size: 1M
 Heap Min Capacity: 8M
 Heap Initial Capacity: 126M
 Heap Max Capacity: 1994M
 Pre-touch: Disabled
 Parallel Workers: 8
 Concurrent Workers: 2
 Concurrent Refinement Workers: 8
 Periodic GC: Disabled
Heap:
 garbage-first heap   total 134144K, used 42389K [0x0000000083600000, 0x0000000100000000)
  region size 1024K, 2 young (2048K), 2 survivors (2048K)
 Metaspace       used 29917K, committed 30272K, reserved 1114112K
  class space    used 3374K, committed 3520K, reserved 1048576K
GC Heap History (20 events):
Event: 0.729 GC heap after
{Heap after GC invocations=1 (full 0):
 garbage-first heap   total 129024K, used 3871K [0x0000000083600000, 0x0000000100000000)
  region size 1024K, 3 young (3072K), 3 survivors (3072K)
 Metaspace       used 5751K, committed 5952K, reserved 1114112K
  class space    used 685K, committed 768K, reserved 1048576K
}
Event: 1.527 GC heap before
{Heap before GC invocations=1 (full 0):
 garbage-first heap   total 129024K, used 34591K [0x0000000083600000, 0x0000000100000000)
  region size 1024K, 33 young (33792K), 3 survivors (3072K)
 Metaspace       used 9881K, committed 10048K, reserved 1114112K
  class space    used 1195K, committed 1280K, reserved 1048576K
}
Event: 1.533 GC heap after
{Heap after GC invocations=2 (full 0):
 garbage-first heap   total 129024K, used 6209K [0x0000000083600000, 0x0000000100000000)
  region size 1024K, 3 young (3072K), 3 survivors (3072K)
 Metaspace       used 9881K, committed 10048K, reserved 1114112K
  class space    used 1195K, committed 1280K, reserved 1048576K
}
Event: 3.116 GC heap before
{Heap before GC invocations=2 (full 0):
 garbage-first heap   total 129024K, used 79937K [0x0000000083600000, 0x0000000100000000)
  region size 1024K, 75 young (76800K), 3 survivors (3072K)
 Metaspace       used 16016K, committed 16256K, reserved 1114112K
  class space    used 1872K, committed 1984K, reserved 1048576K
}
Event: 3.126 GC heap after
{Heap after GC invocations=3 (full 0):
 garbage-first heap   total 129024K, used 11421K [0x0000000083600000, 0x0000000100000000)
  region size 1024K, 8 young (8192K), 8 survivors (8192K)
 Metaspace       used 16016K, committed 16256K, reserved 1114112K
  class space    used 1872K, committed 1984K, reserved 1048576K
}
Event: 4.488 GC heap before
{Heap before GC invocations=3 (full 0):
 garbage-first heap   total 129024K, used 73885K [0x0000000083600000, 0x0000000100000000)
  region size 1024K, 70 young (71680K), 8 survivors (8192K)
 Metaspace       used 21221K, committed 21504K, reserved 1114112K
  class space    used 2466K, committed 2624K, reserved 1048576K
}
Event: 4.500 GC heap after
{Heap after GC invocations=4 (full 0):
 garbage-first heap   total 129024K, used 15561K [0x0000000083600000, 0x0000000100000000)
  region size 1024K, 5 young (5120K), 5 survivors (5120K)
 Metaspace       used 21221K, committed 21504K, reserved 1114112K
  class space    used 2466K, committed 2624K, reserved 1048576K
}
Event: 5.160 GC heap before
{Heap before GC invocations=5 (full 0):
 garbage-first heap   total 58368K, used 47305K [0x0000000083600000, 0x0000000100000000)
  region size 1024K, 33 young (33792K), 5 survivors (5120K)
 Metaspace       used 26039K, committed 26368K, reserved 1114112K
  class space    used 2983K, committed 3136K, reserved 1048576K
}
Event: 5.174 GC heap after
{Heap after GC invocations=6 (full 0):
 garbage-first heap   total 63488K, used 29500K [0x0000000083600000, 0x0000000100000000)
  region size 1024K, 5 young (5120K), 5 survivors (5120K)
 Metaspace       used 26039K, committed 26368K, reserved 1114112K
  class space    used 2983K, committed 3136K, reserved 1048576K
}
Event: 5.184 GC heap before
{Heap before GC invocations=6 (full 0):
 garbage-first heap   total 63488K, used 30524K [0x0000000083600000, 0x0000000100000000)
  region size 1024K, 6 young (6144K), 5 survivors (5120K)
 Metaspace       used 26040K, committed 26368K, reserved 1114112K
  class space    used 2983K, committed 3136K, reserved 1048576K
}
Event: 5.193 GC heap after
{Heap after GC invocations=7 (full 0):
 garbage-first heap   total 63488K, used 30582K [0x0000000083600000, 0x0000000100000000)
  region size 1024K, 1 young (1024K), 1 survivors (1024K)
 Metaspace       used 26040K, committed 26368K, reserved 1114112K
  class space    used 2983K, committed 3136K, reserved 1048576K
}
Event: 5.550 GC heap before
{Heap before GC invocations=7 (full 0):
 garbage-first heap   total 63488K, used 46966K [0x0000000083600000, 0x0000000100000000)
  region size 1024K, 17 young (17408K), 1 survivors (1024K)
 Metaspace       used 26601K, committed 26944K, reserved 1114112K
  class space    used 3047K, committed 3200K, reserved 1048576K
}
Event: 5.557 GC heap after
{Heap after GC invocations=8 (full 0):
 garbage-first heap   total 63488K, used 34304K [0x0000000083600000, 0x0000000100000000)
  region size 1024K, 3 young (3072K), 3 survivors (3072K)
 Metaspace       used 26601K, committed 26944K, reserved 1114112K
  class space    used 3047K, committed 3200K, reserved 1048576K
}
Event: 5.708 GC heap before
{Heap before GC invocations=9 (full 0):
 garbage-first heap   total 65536K, used 47616K [0x0000000083600000, 0x0000000100000000)
  region size 1024K, 16 young (16384K), 3 survivors (3072K)
 Metaspace       used 26928K, committed 27200K, reserved 1114112K
  class space    used 3053K, committed 3200K, reserved 1048576K
}
Event: 5.718 GC heap after
{Heap after GC invocations=10 (full 0):
 garbage-first heap   total 65536K, used 37510K [0x0000000083600000, 0x0000000100000000)
  region size 1024K, 2 young (2048K), 2 survivors (2048K)
 Metaspace       used 26928K, committed 27200K, reserved 1114112K
  class space    used 3053K, committed 3200K, reserved 1048576K
}
Event: 5.898 GC heap before
{Heap before GC invocations=10 (full 0):
 garbage-first heap   total 65536K, used 49798K [0x0000000083600000, 0x0000000100000000)
  region size 1024K, 14 young (14336K), 2 survivors (2048K)
 Metaspace       used 28008K, committed 28288K, reserved 1114112K
  class space    used 3181K, committed 3328K, reserved 1048576K
}
Event: 5.908 GC heap after
{Heap after GC invocations=11 (full 0):
 garbage-first heap   total 65536K, used 39848K [0x0000000083600000, 0x0000000100000000)
  region size 1024K, 2 young (2048K), 2 survivors (2048K)
 Metaspace       used 28008K, committed 28288K, reserved 1114112K
  class space    used 3181K, committed 3328K, reserved 1048576K
}
Event: 6.104 GC heap before
{Heap before GC invocations=12 (full 0):
 garbage-first heap   total 70656K, used 51112K [0x0000000083600000, 0x0000000100000000)
  region size 1024K, 13 young (13312K), 2 survivors (2048K)
 Metaspace       used 28867K, committed 29184K, reserved 1114112K
  class space    used 3290K, committed 3456K, reserved 1048576K
}
Event: 6.111 GC heap after
{Heap after GC invocations=13 (full 0):
 garbage-first heap   total 70656K, used 40960K [0x0000000083600000, 0x0000000100000000)
  region size 1024K, 1 young (1024K), 1 survivors (1024K)
 Metaspace       used 28867K, committed 29184K, reserved 1114112K
  class space    used 3290K, committed 3456K, reserved 1048576K
}
Event: 6.572 GC heap before
{Heap before GC invocations=13 (full 0):
 garbage-first heap   total 70656K, used 55296K [0x0000000083600000, 0x0000000100000000)
  region size 1024K, 15 young (15360K), 1 survivors (1024K)
 Metaspace       used 29917K, committed 30272K, reserved 1114112K
  class space    used 3374K, committed 3520K, reserved 1048576K
}

